[debug] [2018-06-17T15:45:33.002Z] ----------------------------------------------------------------------
[debug] [2018-06-17T15:45:33.006Z] Command:       C:\Program Files (x86)\nodejs\node.exe C:\Users\SPLIT x2\AppData\Roaming\npm\node_modules\firebase-tools\bin\firebase serve
[debug] [2018-06-17T15:45:33.007Z] CLI Version:   3.18.6
[debug] [2018-06-17T15:45:33.007Z] Platform:      win32
[debug] [2018-06-17T15:45:33.007Z] Node Version:  v8.9.4
[debug] [2018-06-17T15:45:33.008Z] Time:          Sun Jun 17 2018 20:45:33 GMT+0500 (Pakistan Standard Time)
[debug] [2018-06-17T15:45:33.008Z] ----------------------------------------------------------------------
[debug] 
[debug] [2018-06-17T15:45:33.028Z] > command requires scopes: ["email","openid","https://www.googleapis.com/auth/cloudplatformprojects.readonly","https://www.googleapis.com/auth/firebase","https://www.googleapis.com/auth/cloud-platform"]
[debug] [2018-06-17T15:45:33.029Z] > authorizing via signed-in user
[debug] [2018-06-17T15:45:33.033Z] >>> HTTP REQUEST GET https://admin.firebase.com/v1/projects/chatroom-e7870  
  
 Sun Jun 17 2018 20:45:33 GMT+0500 (Pakistan Standard Time)
[debug] [2018-06-17T15:45:34.391Z] <<< HTTP RESPONSE 200
[debug] [2018-06-17T15:45:34.392Z] >>> HTTP REQUEST GET https://admin.firebase.com/v1/database/chatroom-e7870/tokens  
  
 Sun Jun 17 2018 20:45:34 GMT+0500 (Pakistan Standard Time)
[debug] [2018-06-17T15:45:35.332Z] <<< HTTP RESPONSE 200
[debug] [2018-06-17T15:45:35.333Z] >>> HTTP REQUEST GET https://cloudresourcemanager.googleapis.com/v1/projects/chatroom-e7870  
  
 Sun Jun 17 2018 20:45:35 GMT+0500 (Pakistan Standard Time)
[debug] [2018-06-17T15:45:36.632Z] <<< HTTP RESPONSE 200
[info] 
[info] === Serving from 'C:\xampp\htdocs'...
[info] 
[info] i  functions: Preparing to emulate functions.
[debug] [2018-06-17T15:45:40.392Z] Fetching environment
[debug] [2018-06-17T15:45:40.404Z] >>> HTTP REQUEST GET https://mobilesdk-pa.googleapis.com/v1/projects/324350719559:getServerAppConfig  
  
 Sun Jun 17 2018 20:45:40 GMT+0500 (Pakistan Standard Time)
[debug] [2018-06-17T15:45:40.406Z] >>> HTTP REQUEST GET https://mobilesdk-pa.googleapis.com/v1/projects/324350719559/clients/_:getWebAppConfig  
  
 Sun Jun 17 2018 20:45:40 GMT+0500 (Pakistan Standard Time)
[debug] [2018-06-17T15:45:41.892Z] <<< HTTP RESPONSE 200
[debug] [2018-06-17T15:45:41.892Z] Starting @google-cloud/functions-emulator
[debug] [2018-06-17T15:45:42.033Z] <<< HTTP RESPONSE 200
[info] +  hosting: Local server: http://localhost:5000

[debug] [2018-06-17T15:45:46.184Z] Parsing function triggers
[info] i  functions: No HTTPS functions found. Use firebase functions:shell if you would like to emulate other types of functions.
